<?xml version="1.0" encoding="UTF-8"?>
<!-- Generated by org.testng.reporters.JUnitReportReporter -->
<testsuite skipped="0" hostname="AR-IT09895.lan" name="com.applicationx.qa.testcases.LoginPageTest" tests="4" failures="0" timestamp="28 Mar 2019 13:59:58 GMT" time="30.586" errors="0">
  <testcase name="loginPageTitleTest" time="5.229" classname="com.applicationx.qa.testcases.LoginPageTest"/>
  <testcase name="crmLogoImageTest" time="6.085" classname="com.applicationx.qa.testcases.LoginPageTest"/>
  <testcase name="loginTest" time="10.686" classname="com.applicationx.qa.testcases.LoginPageTest"/>
  <testcase name="Verify_LoginButtonDisplayed" time="8.586" classname="com.applicationx.qa.testcases.LoginPageTest"/>
</testsuite> <!-- com.applicationx.qa.testcases.LoginPageTest -->
