<?xml version="1.0" encoding="UTF-8"?>
<!-- Generated by org.testng.reporters.JUnitReportReporter -->
<testsuite skipped="0" hostname="AR-IT09895.local" name="com.applicationx.qa.testcases.logintests.LoginPageTest" tests="4" failures="0" timestamp="01 Apr 2019 12:42:41 GMT" time="25.771" errors="0">
  <testcase name="loginPage_TitleIsDisplayed" time="5.910" classname="com.applicationx.qa.testcases.logintests.LoginPageTest"/>
  <testcase name="loginPage_CrmLogoImageIsDisplayed" time="5.336" classname="com.applicationx.qa.testcases.logintests.LoginPageTest"/>
  <testcase name="loginPage_SuccessReturnsHomePage" time="9.235" classname="com.applicationx.qa.testcases.logintests.LoginPageTest"/>
  <testcase name="LoginPage_LoginButtonDisplayed" time="5.290" classname="com.applicationx.qa.testcases.logintests.LoginPageTest"/>
</testsuite> <!-- com.applicationx.qa.testcases.logintests.LoginPageTest -->
