<?xml version="1.0" encoding="UTF-8"?>
<!-- Generated by org.testng.reporters.JUnitReportReporter -->
<testsuite skipped="0" hostname="AR-IT09895.local" name="com.applicationx.qa.landingpage.LandingPageTest" tests="1" failures="0" timestamp="02 Apr 2019 21:40:14 GMT" time="12.189" errors="0">
  <testcase name="verifySelectCountry" time="12.189" classname="com.applicationx.qa.landingpage.LandingPageTest"/>
</testsuite> <!-- com.applicationx.qa.landingpage.LandingPageTest -->
