<?xml version="1.0" encoding="UTF-8"?>
<!-- Generated by org.testng.reporters.JUnitReportReporter -->
<testsuite skipped="0" hostname="AR-IT09895.lan" name="com.applicationx.qa.testcases.LoginPageTest" tests="3" failures="0" timestamp="25 Mar 2019 13:54:45 GMT" time="21.679" errors="0">
  <testcase name="loginPageTitleTest" time="4.983" classname="com.applicationx.qa.testcases.LoginPageTest"/>
  <testcase name="crmLogoImageTest" time="5.348" classname="com.applicationx.qa.testcases.LoginPageTest"/>
  <testcase name="loginTest" time="11.348" classname="com.applicationx.qa.testcases.LoginPageTest"/>
</testsuite> <!-- com.applicationx.qa.testcases.LoginPageTest -->
