<?xml version="1.0" encoding="UTF-8"?>
<!-- Generated by org.testng.reporters.JUnitReportReporter -->
<testsuite skipped="0" hostname="AR-IT09895.local" name="com.applicationx.qa.testcases.briefmelandingtests.BriefMeLandingTest" tests="1" failures="0" timestamp="02 Apr 2019 12:24:56 GMT" time="3.734" errors="0">
  <testcase name="LandingPage_CountryList" time="3.734" classname="com.applicationx.qa.testcases.briefmelandingtests.BriefMeLandingTest"/>
</testsuite> <!-- com.applicationx.qa.testcases.briefmelandingtests.BriefMeLandingTest -->
